Aug 08, 2024 12:01:07 PM de.unibonn.realkd.data.xarf.XarfParsing parse
INFO: Parsing input file
Aug 08, 2024 12:01:07 PM de.unibonn.realkd.common.base.Identifier identifier
WARNING: Invalid identifier string cJSD_elem_1.0 had to be altered to cJSD_elem_1_0
Aug 08, 2024 12:01:07 PM de.unibonn.realkd.data.xarf.XarfParsing parse
INFO: Done parsing ARFF file
Aug 08, 2024 12:01:08 PM de.unibonn.realkd.data.table.CSV csvStringListToListOfLists
INFO: Done reading data (504 number of rows)
Aug 08, 2024 12:01:08 PM de.unibonn.realkd.data.xarf.Xarf attributes
INFO: Done creating attributes (23 attributes created)
Aug 08, 2024 12:01:08 PM de.unibonn.realkd.data.xarf.Xarf derivedAttributes
INFO: Done creating derived attributes (0 derived attributes created)
Aug 08, 2024 12:01:08 PM de.unibonn.realkd.data.propositions.StandardPropositionalizationScheme apply
INFO: Done compiling proposition list (460 propositions added)
Aug 08, 2024 12:01:08 PM de.unibonn.realkd.common.workspace.Workspaces$WorkspaceWithFileBackups storeInFile
INFO: writing backup: population_of_cJSD_elem_1_0
Aug 08, 2024 12:01:08 PM de.unibonn.realkd.common.workspace.Workspaces$WorkspaceWithFileBackups storeInFile
INFO: writing backup: cJSD_elem_1_0
Aug 08, 2024 12:01:08 PM de.unibonn.realkd.common.workspace.Workspaces$WorkspaceWithFileBackups storeInFile
INFO: writing backup: statements_about_cJSD_elem_1_0
Aug 08, 2024 12:15:39 PM de.unibonn.realkd.common.workspace.Workspaces$WorkspaceWithFileBackups storeInFile
INFO: writing backup: $results_of_subgroup_analysis
